<?xml version="1.0" encoding="UTF-8"?>
<!-- Generated by org.testng.reporters.JUnitReportReporter -->
<testsuite hostname="LAPTOP-BF99N7M4" failures="0" tests="1" name="com.aish.automate.RegistrationForm" time="8.897" errors="0" timestamp="2022-03-15T10:27:57 IST" skipped="0">
  <testcase classname="com.aish.automate.RegistrationForm" name="logIN" time="8.897"/>
  <system-out/>
</testsuite> <!-- com.aish.automate.RegistrationForm -->
